<?xml version="1.0" encoding="UTF-8"?>
<testsuite xmlns:xsi="http://www.w3.org/2001/XMLSchema-instance" xsi:noNamespaceSchemaLocation="https://maven.apache.org/surefire/maven-surefire-plugin/xsd/surefire-test-report.xsd" name="MainTest" time="0.954" tests="11" errors="0" skipped="0" failures="0">
  <properties>
[...]
</properties>
  <testcase name="testWallSetHeight" classname="MainTest" time="0.018"/>
  <testcase name="testWallGetHeight" classname="MainTest" time="0"/>
  <testcase name="testPersonGetFirstName" classname="MainTest" time="0.001"/>
  <testcase name="testPersonTypes" classname="MainTest" time="0.005"/>
  <testcase name="testPersonGetAge" classname="MainTest" time="0.001"/>
  <testcase name="testPersonIsTeen" classname="MainTest" time="0"/>
  <testcase name="testWallSetWidth" classname="MainTest" time="0"/>
  <testcase name="testWallGetWidth" classname="MainTest" time="0"/>
  <testcase name="testWallGetArea" classname="MainTest" time="0.001"/>
  <testcase name="testPersonGetLastName" classname="MainTest" time="0"/>
  <testcase name="testWallTypes" classname="MainTest" time="0.001"/>
</testsuite>